<?xml version="1.0" encoding="UTF-8"?>
<!-- Generated by org.testng.reporters.JUnitXMLReporter -->
<testsuite ignored="0" hostname="DESKTOP-B961A44" failures="0" tests="2" name="Default test" time="27.038" errors="0" timestamp="2025-06-11T18:35:03 GMT-04:00">
  <testcase classname="io.cucumber.testng.AbstractTestNGCucumberTests" name="runScenario" time="12.95"/>
  <testcase classname="io.cucumber.testng.AbstractTestNGCucumberTests" name="runScenario" time="13.307"/>
</testsuite> <!-- Default test -->
