<?xml version="1.0" encoding="UTF-8"?>
<!-- Generated by org.testng.reporters.JUnitXMLReporter -->
<testsuite ignored="0" hostname="DESKTOP-B961A44" failures="0" tests="3" name="Submit Order Test" time="39.51" errors="0" timestamp="2025-06-08T15:15:49 GMT-04:00">
  <testcase classname="Practice.SeleniumFrameworkDesign.SubmitOrderTest" name="submitOrder" time="17.159"/>
  <testcase classname="Practice.SeleniumFrameworkDesign.SubmitOrderTest" name="submitOrder" time="4.484"/>
  <testcase classname="Practice.SeleniumFrameworkDesign.SubmitOrderTest" name="OrderHistoryTest" time="1.388"/>
</testsuite> <!-- Submit Order Test -->
