<?xml version="1.0" encoding="UTF-8"?>
<!-- Generated by org.testng.reporters.JUnitXMLReporter -->
<testsuite ignored="0" hostname="DESKTOP-B961A44" failures="0" tests="2" name="Error Validation Test" time="27.454" errors="0" timestamp="2025-06-11T10:00:24 GMT-04:00">
  <testcase classname="Practice.SeleniumFrameworkDesign.ErrorValidationsTest" name="LoginErrorValidation" time="1.505"/>
  <testcase classname="Practice.SeleniumFrameworkDesign.ErrorValidationsTest" name="ProductErrorValidation" time="5.034"/>
</testsuite> <!-- Error Validation Test -->
