<?xml version="1.0" encoding="UTF-8"?>
<!-- Generated by org.testng.reporters.JUnitXMLReporter -->
<testsuite ignored="0" hostname="DESKTOP-B961A44" failures="0" tests="3" name="Submit Order Test" time="38.643" errors="0" timestamp="2025-06-11T10:00:34 GMT-04:00">
  <testcase classname="Practice.SeleniumFrameworkDesign.SubmitOrderTest" name="submitOrder" time="7.777"/>
  <testcase classname="Practice.SeleniumFrameworkDesign.SubmitOrderTest" name="submitOrder" time="5.831"/>
  <testcase classname="Practice.SeleniumFrameworkDesign.SubmitOrderTest" name="OrderHistoryTest" time="1.686"/>
</testsuite> <!-- Submit Order Test -->
